0 info it worked if it ends with ok
1 verbose cli [ '/home/ubuntu/.nvm/v0.10.35/bin/node',
1 verbose cli   '/home/ubuntu/.nvm/v0.10.35/bin/npm',
1 verbose cli   'install',
1 verbose cli   '--save',
1 verbose cli   'bcrypt-node.js' ]
2 info using npm@1.4.28
3 info using node@v0.10.35
4 verbose readDependencies using package.json deps
5 verbose cache add [ 'bcrypt-node.js', null ]
6 verbose cache add name=undefined spec="bcrypt-node.js" args=["bcrypt-node.js",null]
7 verbose parsed url { protocol: null,
7 verbose parsed url   slashes: null,
7 verbose parsed url   auth: null,
7 verbose parsed url   host: null,
7 verbose parsed url   port: null,
7 verbose parsed url   hostname: null,
7 verbose parsed url   hash: null,
7 verbose parsed url   search: null,
7 verbose parsed url   query: null,
7 verbose parsed url   pathname: 'bcrypt-node.js',
7 verbose parsed url   path: 'bcrypt-node.js',
7 verbose parsed url   href: 'bcrypt-node.js' }
8 silly lockFile 5ad9d682-bcrypt-node-js bcrypt-node.js
9 verbose lock bcrypt-node.js /home/ubuntu/.npm/5ad9d682-bcrypt-node-js.lock
10 silly lockFile 5ad9d682-bcrypt-node-js bcrypt-node.js
11 silly lockFile 5ad9d682-bcrypt-node-js bcrypt-node.js
12 verbose addNamed [ 'bcrypt-node.js', '' ]
13 verbose addNamed [ null, '*' ]
14 silly lockFile 83427a79-bcrypt-node-js bcrypt-node.js@
15 verbose lock bcrypt-node.js@ /home/ubuntu/.npm/83427a79-bcrypt-node-js.lock
16 silly addNameRange { name: 'bcrypt-node.js', range: '*', hasData: false }
17 verbose request where is /bcrypt-node.js
18 verbose request registry https://registry.npmjs.org/
19 verbose request id 0181fef9f9df7693
20 verbose url raw /bcrypt-node.js
21 verbose url resolving [ 'https://registry.npmjs.org/', './bcrypt-node.js' ]
22 verbose url resolved https://registry.npmjs.org/bcrypt-node.js
23 verbose request where is https://registry.npmjs.org/bcrypt-node.js
24 info trying registry request attempt 1 at 12:01:27
25 http GET https://registry.npmjs.org/bcrypt-node.js
26 http 404 https://registry.npmjs.org/bcrypt-node.js
27 silly registry.get cb [ 404,
27 silly registry.get   { 'content-type': 'application/json',
27 silly registry.get     'cache-control': 'max-age=0',
27 silly registry.get     'content-length': '2',
27 silly registry.get     'accept-ranges': 'bytes',
27 silly registry.get     date: 'Thu, 17 Sep 2015 12:01:28 GMT',
27 silly registry.get     via: '1.1 varnish',
27 silly registry.get     age: '0',
27 silly registry.get     connection: 'keep-alive',
27 silly registry.get     'x-served-by': 'cache-dfw1820-DFW',
27 silly registry.get     'x-cache': 'MISS',
27 silly registry.get     'x-cache-hits': '0',
27 silly registry.get     'x-timer': 'S1442491288.044917,VS0,VE187' } ]
28 silly lockFile 83427a79-bcrypt-node-js bcrypt-node.js@
29 silly lockFile 83427a79-bcrypt-node-js bcrypt-node.js@
30 error 404 Not Found
30 error 404
30 error 404 'bcrypt-node.js' is not in the npm registry.
30 error 404 You should bug the author to publish it
30 error 404 It was specified as a dependency of 'hartville-io'
30 error 404
30 error 404 Maybe try 'npm search bcrypt node'
30 error 404
30 error 404 Note that you can also install from a
30 error 404 tarball, folder, or http url, or git url.
31 error System Linux 3.14.13-c9
32 error command "/home/ubuntu/.nvm/v0.10.35/bin/node" "/home/ubuntu/.nvm/v0.10.35/bin/npm" "install" "--save" "bcrypt-node.js"
33 error cwd /home/ubuntu/workspace
34 error node -v v0.10.35
35 error npm -v 1.4.28
36 error code E404
37 verbose exit [ 1, true ]
